<?xml version="1.0" encoding="UTF-8"?>
<!-- Generated by org.testng.reporters.JUnitXMLReporter -->
<testsuite ignored="0" hostname="LAPTOP-G5AM45TG" failures="0" tests="3" name="TestChrome" time="14.569" errors="0" timestamp="2025-02-20T12:20:06 NPT">
  <testcase classname="DataProviders.ParamTest" name="testlogo" time="5.118"/>
  <testcase classname="DataProviders.ParamTest" name="testTitle" time="0.016"/>
  <testcase classname="DataProviders.ParamTest" name="testURL" time="0.015"/>
</testsuite> <!-- TestChrome -->
