<?xml version="1.0" encoding="UTF-8"?>
<!-- Generated by org.testng.reporters.JUnitReportReporter -->
<testsuite hostname="LAPTOP-G5AM45TG" failures="0" tests="2" name="TestAnnotations.AnnotationsDemo1" time="0.020" errors="0" timestamp="2025-02-17T11:53:53 NPT" skipped="0">
  <testcase classname="TestAnnotations.AnnotationsDemo1" name="search" time="0.009"/>
  <system-out/>
  <testcase classname="TestAnnotations.AnnotationsDemo1" name="advanceSearch" time="0.011"/>
  <system-out/>
</testsuite> <!-- TestAnnotations.AnnotationsDemo1 -->
