<?xml version="1.0" encoding="UTF-8"?>
<!-- Generated by org.testng.reporters.JUnitReportReporter -->
<testsuite hostname="LAPTOP-G5AM45TG" failures="0" tests="3" name="TestNGintegration.FirstTestCase" time="0.024" errors="0" timestamp="2025-02-15T22:02:10 NPT" skipped="0">
  <testcase classname="TestNGintegration.FirstTestCase" name="login" time="0.021"/>
  <system-out/>
  <testcase classname="TestNGintegration.FirstTestCase" name="logout" time="0.002"/>
  <system-out/>
  <testcase classname="TestNGintegration.FirstTestCase" name="openapp" time="0.001"/>
  <system-out/>
</testsuite> <!-- TestNGintegration.FirstTestCase -->
