<?xml version="1.0" encoding="UTF-8"?>
<!-- Generated by org.testng.reporters.JUnitReportReporter -->
<testsuite hostname="LAPTOP-G5AM45TG" failures="0" tests="2" name="TestAnnotations.AnnotationsDemo2" time="0.010" errors="0" timestamp="2025-02-17T12:05:34 NPT" skipped="0">
  <testcase classname="TestAnnotations.AnnotationsDemo2" name="search" time="0.008"/>
  <system-out/>
  <testcase classname="TestAnnotations.AnnotationsDemo2" name="advanceSearch" time="0.002"/>
  <system-out/>
</testsuite> <!-- TestAnnotations.AnnotationsDemo2 -->
