<?xml version="1.0" encoding="UTF-8"?>
<!-- Generated by org.testng.reporters.JUnitReportReporter -->
<testsuite hostname="LAPTOP-G5AM45TG" failures="0" tests="2" name="TestPackage.AllAnnotations" time="0.016" errors="0" timestamp="2025-02-17T14:28:25 NPT" skipped="0">
  <testcase classname="TestPackage.AllAnnotations" name="xyz" time="0.003"/>
  <system-out/>
  <testcase classname="TestPackage.AllAnnotations" name="abc" time="0.013"/>
  <system-out/>
</testsuite> <!-- TestPackage.AllAnnotations -->
