<?xml version="1.0" encoding="UTF-8"?>
<!-- Generated by org.testng.reporters.JUnitReportReporter -->
<testsuite hostname="LAPTOP-G5AM45TG" failures="0" tests="3" name="DependecyMethods.LoginTest" time="0.020" errors="0" timestamp="2025-02-17T17:56:21 NPT" skipped="0">
  <testcase classname="DependecyMethods.LoginTest" name="loginByEmail" time="0.018"/>
  <system-out/>
  <testcase classname="DependecyMethods.LoginTest" name="loginByFacebook" time="0.001"/>
  <system-out/>
  <testcase classname="DependecyMethods.LoginTest" name="loginByInsta" time="0.001"/>
  <system-out/>
</testsuite> <!-- DependecyMethods.LoginTest -->
